-- Found rclcpp: 16.0.10 (/opt/ros/humble/share/rclcpp/cmake)
-- Found rosidl_generator_c: 3.1.5 (/opt/ros/humble/share/rosidl_generator_c/cmake)
-- Found rosidl_adapter: 3.1.5 (/opt/ros/humble/share/rosidl_adapter/cmake)
-- Found rosidl_generator_cpp: 3.1.5 (/opt/ros/humble/share/rosidl_generator_cpp/cmake)
-- Using all available rosidl_typesupport_c: rosidl_typesupport_fastrtps_c;rosidl_typesupport_introspection_c
-- Using all available rosidl_typesupport_cpp: rosidl_typesupport_fastrtps_cpp;rosidl_typesupport_introspection_cpp
-- Found rmw_implementation_cmake: 6.1.2 (/opt/ros/humble/share/rmw_implementation_cmake/cmake)
-- Found rmw_fastrtps_cpp: 6.2.7 (/opt/ros/humble/share/rmw_fastrtps_cpp/cmake)
-- Using RMW implementation 'rmw_fastrtps_cpp' as default
-- Found rclcpp_action: 16.0.10 (/opt/ros/humble/share/rclcpp_action/cmake)
-- Found nav2_msgs: 1.1.15 (/opt/ros/humble/share/nav2_msgs/cmake)
-- Found tf2: 0.25.7 (/opt/ros/humble/share/tf2/cmake)
-- Found tf2_geometry_msgs: 0.25.7 (/opt/ros/humble/share/tf2_geometry_msgs/cmake)
-- Found eigen3_cmake_module: 0.1.1 (/opt/ros/humble/share/eigen3_cmake_module/cmake)
-- Found Eigen3: TRUE (found version "3.4.0") 
-- Ensuring Eigen3 include directory is part of orocos-kdl CMake target
-- Found ament_cmake_auto: 1.3.10 (/opt/ros/humble/share/ament_cmake_auto/cmake)
-- Found ament_lint_auto: 0.12.11 (/opt/ros/humble/share/ament_lint_auto/cmake)
-- Added test 'cppcheck' to perform static code analysis on C / C++ code
-- Configured cppcheck include dirs: /home/yamaguchi-a/turtlebot3_ws/src/nav2_send_goal/include
-- Configured cppcheck exclude dirs and/or files: 
-- Added test 'flake8' to check Python code syntax and style conventions
-- Added test 'lint_cmake' to check CMake code style
-- Added test 'pep257' to check Python code against some of the docstring style conventions in PEP 257
-- Added test 'uncrustify' to check C / C++ code style
-- Configured uncrustify additional arguments: 
-- Added test 'xmllint' to check XML markup files
-- Configuring done
-- Generating done
-- Build files have been written to: /home/yamaguchi-a/turtlebot3_ws/src/nav2_send_goal/build/nav2_send_goal
[35m[1mConsolidate compiler generated dependencies of target nav2_send_goal[0m
[ 66%] [32mBuilding CXX object CMakeFiles/nav2_send_goal.dir/src/nav2_send_goal.cpp.o[0m
[ 66%] [32mBuilding CXX object CMakeFiles/nav2_send_goal.dir/src/nav2_send_goal_node.cpp.o[0m
In file included from [01m[K/home/yamaguchi-a/turtlebot3_ws/src/nav2_send_goal/src/nav2_send_goal.cpp:1[m[K:
[01m[K/home/yamaguchi-a/turtlebot3_ws/src/nav2_send_goal/src/nav2_send_goal.cpp:[m[K In member function â€˜[01m[Kvoid Nav2Client::SendWaypointsTimerCallback()[m[Kâ€™:
[01m[K/home/yamaguchi-a/turtlebot3_ws/src/nav2_send_goal/include/nav2_send_goal/nav2_send_goal.hpp:28:30:[m[K [01;31m[Kerror: [m[Kjump to case label
   28 | #define SEND_WAYPOINTS_CHECK [01;31m[K1[m[K
      |                              [01;31m[K^[m[K
[01m[K/home/yamaguchi-a/turtlebot3_ws/src/nav2_send_goal/src/nav2_send_goal.cpp:139:8:[m[K [01;36m[Knote: [m[Kin expansion of macro â€˜[01m[KSEND_WAYPOINTS_CHECK[m[Kâ€™
  139 |   case [01;36m[KSEND_WAYPOINTS_CHECK[m[K:
      |        [01;36m[K^~~~~~~~~~~~~~~~~~~~[m[K
[01m[K/home/yamaguchi-a/turtlebot3_ws/src/nav2_send_goal/src/nav2_send_goal.cpp:129:10:[m[K [01;36m[Knote: [m[K  crosses initialization of â€˜[01m[Kgeometry_msgs::msg::Twist_<std::allocator<void> > msg[m[Kâ€™
  129 |     auto [01;36m[Kmsg[m[K = geometry_msgs::msg::Twist();
      |          [01;36m[K^~~[m[K
In file included from [01m[K/home/yamaguchi-a/turtlebot3_ws/src/nav2_send_goal/src/nav2_send_goal.cpp:1[m[K:
[01m[K/home/yamaguchi-a/turtlebot3_ws/src/nav2_send_goal/include/nav2_send_goal/nav2_send_goal.hpp:29:22:[m[K [01;31m[Kerror: [m[Kjump to case label
   29 | #define WAITING_GOAL [01;31m[K2[m[K
      |                      [01;31m[K^[m[K
[01m[K/home/yamaguchi-a/turtlebot3_ws/src/nav2_send_goal/src/nav2_send_goal.cpp:152:8:[m[K [01;36m[Knote: [m[Kin expansion of macro â€˜[01m[KWAITING_GOAL[m[Kâ€™
  152 |   case [01;36m[KWAITING_GOAL[m[K:
      |        [01;36m[K^~~~~~~~~~~~[m[K
[01m[K/home/yamaguchi-a/turtlebot3_ws/src/nav2_send_goal/src/nav2_send_goal.cpp:129:10:[m[K [01;36m[Knote: [m[K  crosses initialization of â€˜[01m[Kgeometry_msgs::msg::Twist_<std::allocator<void> > msg[m[Kâ€™
  129 |     auto [01;36m[Kmsg[m[K = geometry_msgs::msg::Twist();
      |          [01;36m[K^~~[m[K
In file included from [01m[K/home/yamaguchi-a/turtlebot3_ws/src/nav2_send_goal/src/nav2_send_goal.cpp:1[m[K:
[01m[K/home/yamaguchi-a/turtlebot3_ws/src/nav2_send_goal/include/nav2_send_goal/nav2_send_goal.hpp:30:24:[m[K [01;31m[Kerror: [m[Kjump to case label
   30 | #define WAITING_BUTTON [01;31m[K3[m[K
      |                        [01;31m[K^[m[K
[01m[K/home/yamaguchi-a/turtlebot3_ws/src/nav2_send_goal/src/nav2_send_goal.cpp:165:8:[m[K [01;36m[Knote: [m[Kin expansion of macro â€˜[01m[KWAITING_BUTTON[m[Kâ€™
  165 |   case [01;36m[KWAITING_BUTTON[m[K:
      |        [01;36m[K^~~~~~~~~~~~~~[m[K
[01m[K/home/yamaguchi-a/turtlebot3_ws/src/nav2_send_goal/src/nav2_send_goal.cpp:129:10:[m[K [01;36m[Knote: [m[K  crosses initialization of â€˜[01m[Kgeometry_msgs::msg::Twist_<std::allocator<void> > msg[m[Kâ€™
  129 |     auto [01;36m[Kmsg[m[K = geometry_msgs::msg::Twist();
      |          [01;36m[K^~~[m[K
In file included from [01m[K/home/yamaguchi-a/turtlebot3_ws/src/nav2_send_goal/src/nav2_send_goal.cpp:1[m[K:
[01m[K/home/yamaguchi-a/turtlebot3_ws/src/nav2_send_goal/include/nav2_send_goal/nav2_send_goal.hpp:31:24:[m[K [01;31m[Kerror: [m[Kjump to case label
   31 | #define FINISH_SENDING [01;31m[K4[m[K
      |                        [01;31m[K^[m[K
[01m[K/home/yamaguchi-a/turtlebot3_ws/src/nav2_send_goal/src/nav2_send_goal.cpp:171:8:[m[K [01;36m[Knote: [m[Kin expansion of macro â€˜[01m[KFINISH_SENDING[m[Kâ€™
  171 |   case [01;36m[KFINISH_SENDING[m[K:
      |        [01;36m[K^~~~~~~~~~~~~~[m[K
[01m[K/home/yamaguchi-a/turtlebot3_ws/src/nav2_send_goal/src/nav2_send_goal.cpp:129:10:[m[K [01;36m[Knote: [m[K  crosses initialization of â€˜[01m[Kgeometry_msgs::msg::Twist_<std::allocator<void> > msg[m[Kâ€™
  129 |     auto [01;36m[Kmsg[m[K = geometry_msgs::msg::Twist();
      |          [01;36m[K^~~[m[K
[01m[K/home/yamaguchi-a/turtlebot3_ws/src/nav2_send_goal/src/nav2_send_goal.cpp:176:3:[m[K [01;31m[Kerror: [m[Kjump to case label
  176 |   [01;31m[Kdefault[m[K:
      |   [01;31m[K^~~~~~~[m[K
[01m[K/home/yamaguchi-a/turtlebot3_ws/src/nav2_send_goal/src/nav2_send_goal.cpp:129:10:[m[K [01;36m[Knote: [m[K  crosses initialization of â€˜[01m[Kgeometry_msgs::msg::Twist_<std::allocator<void> > msg[m[Kâ€™
  129 |     auto [01;36m[Kmsg[m[K = geometry_msgs::msg::Twist();
      |          [01;36m[K^~~[m[K
gmake[2]: *** [CMakeFiles/nav2_send_goal.dir/build.make:76: CMakeFiles/nav2_send_goal.dir/src/nav2_send_goal.cpp.o] ã‚¨ãƒ©ãƒ¼ 1
gmake[1]: *** [CMakeFiles/Makefile2:137: CMakeFiles/nav2_send_goal.dir/all] ã‚¨ãƒ©ãƒ¼ 2
gmake: *** [Makefile:146: all] ã‚¨ãƒ©ãƒ¼ 2
