[0.012s] Invoking command in '/home/yamaguchi-a/turtlebot3_ws/src/nav2_send_goal/build/nav2_send_goal': CMAKE_PREFIX_PATH=${CMAKE_PREFIX_PATH}:/opt/ros/humble /usr/bin/cmake --build /home/yamaguchi-a/turtlebot3_ws/src/nav2_send_goal/build/nav2_send_goal -- -j8 -l8
[0.037s] -- Found rclcpp: 16.0.10 (/opt/ros/humble/share/rclcpp/cmake)
[0.208s] -- Found rosidl_generator_c: 3.1.5 (/opt/ros/humble/share/rosidl_generator_c/cmake)
[0.210s] -- Found rosidl_adapter: 3.1.5 (/opt/ros/humble/share/rosidl_adapter/cmake)
[0.217s] -- Found rosidl_generator_cpp: 3.1.5 (/opt/ros/humble/share/rosidl_generator_cpp/cmake)
[0.227s] -- Using all available rosidl_typesupport_c: rosidl_typesupport_fastrtps_c;rosidl_typesupport_introspection_c
[0.240s] -- Using all available rosidl_typesupport_cpp: rosidl_typesupport_fastrtps_cpp;rosidl_typesupport_introspection_cpp
[0.275s] -- Found rmw_implementation_cmake: 6.1.2 (/opt/ros/humble/share/rmw_implementation_cmake/cmake)
[0.277s] -- Found rmw_fastrtps_cpp: 6.2.7 (/opt/ros/humble/share/rmw_fastrtps_cpp/cmake)
[0.388s] -- Using RMW implementation 'rmw_fastrtps_cpp' as default
[0.444s] -- Found rclcpp_action: 16.0.10 (/opt/ros/humble/share/rclcpp_action/cmake)
[0.479s] -- Found nav2_msgs: 1.1.15 (/opt/ros/humble/share/nav2_msgs/cmake)
[0.543s] -- Found tf2: 0.25.7 (/opt/ros/humble/share/tf2/cmake)
[0.555s] -- Found tf2_geometry_msgs: 0.25.7 (/opt/ros/humble/share/tf2_geometry_msgs/cmake)
[0.569s] -- Found eigen3_cmake_module: 0.1.1 (/opt/ros/humble/share/eigen3_cmake_module/cmake)
[0.570s] -- Found Eigen3: TRUE (found version "3.4.0") 
[0.570s] -- Ensuring Eigen3 include directory is part of orocos-kdl CMake target
[0.637s] -- Found ament_cmake_auto: 1.3.10 (/opt/ros/humble/share/ament_cmake_auto/cmake)
[0.709s] -- Found ament_lint_auto: 0.12.11 (/opt/ros/humble/share/ament_lint_auto/cmake)
[0.741s] -- Added test 'cppcheck' to perform static code analysis on C / C++ code
[0.741s] -- Configured cppcheck include dirs: /home/yamaguchi-a/turtlebot3_ws/src/nav2_send_goal/include
[0.741s] -- Configured cppcheck exclude dirs and/or files: 
[0.744s] -- Added test 'flake8' to check Python code syntax and style conventions
[0.751s] -- Added test 'lint_cmake' to check CMake code style
[0.754s] -- Added test 'pep257' to check Python code against some of the docstring style conventions in PEP 257
[0.777s] -- Added test 'uncrustify' to check C / C++ code style
[0.777s] -- Configured uncrustify additional arguments: 
[0.780s] -- Added test 'xmllint' to check XML markup files
[0.781s] -- Configuring done
[0.793s] -- Generating done
[0.795s] -- Build files have been written to: /home/yamaguchi-a/turtlebot3_ws/src/nav2_send_goal/build/nav2_send_goal
[0.825s] [35m[1mConsolidate compiler generated dependencies of target nav2_send_goal[0m
[0.845s] [ 66%] [32mBuilding CXX object CMakeFiles/nav2_send_goal.dir/src/nav2_send_goal.cpp.o[0m
[0.845s] [ 66%] [32mBuilding CXX object CMakeFiles/nav2_send_goal.dir/src/nav2_send_goal_node.cpp.o[0m
[4.324s] In file included from [01m[K/home/yamaguchi-a/turtlebot3_ws/src/nav2_send_goal/src/nav2_send_goal.cpp:1[m[K:
[4.324s] [01m[K/home/yamaguchi-a/turtlebot3_ws/src/nav2_send_goal/src/nav2_send_goal.cpp:[m[K In member function â€˜[01m[Kvoid Nav2Client::SendWaypointsTimerCallback()[m[Kâ€™:
[4.324s] [01m[K/home/yamaguchi-a/turtlebot3_ws/src/nav2_send_goal/include/nav2_send_goal/nav2_send_goal.hpp:28:30:[m[K [01;31m[Kerror: [m[Kjump to case label
[4.324s]    28 | #define SEND_WAYPOINTS_CHECK [01;31m[K1[m[K
[4.324s]       |                              [01;31m[K^[m[K
[4.324s] [01m[K/home/yamaguchi-a/turtlebot3_ws/src/nav2_send_goal/src/nav2_send_goal.cpp:139:8:[m[K [01;36m[Knote: [m[Kin expansion of macro â€˜[01m[KSEND_WAYPOINTS_CHECK[m[Kâ€™
[4.324s]   139 |   case [01;36m[KSEND_WAYPOINTS_CHECK[m[K:
[4.324s]       |        [01;36m[K^~~~~~~~~~~~~~~~~~~~[m[K
[4.325s] [01m[K/home/yamaguchi-a/turtlebot3_ws/src/nav2_send_goal/src/nav2_send_goal.cpp:129:10:[m[K [01;36m[Knote: [m[K  crosses initialization of â€˜[01m[Kgeometry_msgs::msg::Twist_<std::allocator<void> > msg[m[Kâ€™
[4.325s]   129 |     auto [01;36m[Kmsg[m[K = geometry_msgs::msg::Twist();
[4.325s]       |          [01;36m[K^~~[m[K
[4.325s] In file included from [01m[K/home/yamaguchi-a/turtlebot3_ws/src/nav2_send_goal/src/nav2_send_goal.cpp:1[m[K:
[4.325s] [01m[K/home/yamaguchi-a/turtlebot3_ws/src/nav2_send_goal/include/nav2_send_goal/nav2_send_goal.hpp:29:22:[m[K [01;31m[Kerror: [m[Kjump to case label
[4.325s]    29 | #define WAITING_GOAL [01;31m[K2[m[K
[4.326s]       |                      [01;31m[K^[m[K
[4.326s] [01m[K/home/yamaguchi-a/turtlebot3_ws/src/nav2_send_goal/src/nav2_send_goal.cpp:152:8:[m[K [01;36m[Knote: [m[Kin expansion of macro â€˜[01m[KWAITING_GOAL[m[Kâ€™
[4.326s]   152 |   case [01;36m[KWAITING_GOAL[m[K:
[4.326s]       |        [01;36m[K^~~~~~~~~~~~[m[K
[4.326s] [01m[K/home/yamaguchi-a/turtlebot3_ws/src/nav2_send_goal/src/nav2_send_goal.cpp:129:10:[m[K [01;36m[Knote: [m[K  crosses initialization of â€˜[01m[Kgeometry_msgs::msg::Twist_<std::allocator<void> > msg[m[Kâ€™
[4.326s]   129 |     auto [01;36m[Kmsg[m[K = geometry_msgs::msg::Twist();
[4.326s]       |          [01;36m[K^~~[m[K
[4.326s] In file included from [01m[K/home/yamaguchi-a/turtlebot3_ws/src/nav2_send_goal/src/nav2_send_goal.cpp:1[m[K:
[4.326s] [01m[K/home/yamaguchi-a/turtlebot3_ws/src/nav2_send_goal/include/nav2_send_goal/nav2_send_goal.hpp:30:24:[m[K [01;31m[Kerror: [m[Kjump to case label
[4.326s]    30 | #define WAITING_BUTTON [01;31m[K3[m[K
[4.327s]       |                        [01;31m[K^[m[K
[4.327s] [01m[K/home/yamaguchi-a/turtlebot3_ws/src/nav2_send_goal/src/nav2_send_goal.cpp:165:8:[m[K [01;36m[Knote: [m[Kin expansion of macro â€˜[01m[KWAITING_BUTTON[m[Kâ€™
[4.327s]   165 |   case [01;36m[KWAITING_BUTTON[m[K:
[4.327s]       |        [01;36m[K^~~~~~~~~~~~~~[m[K
[4.327s] [01m[K/home/yamaguchi-a/turtlebot3_ws/src/nav2_send_goal/src/nav2_send_goal.cpp:129:10:[m[K [01;36m[Knote: [m[K  crosses initialization of â€˜[01m[Kgeometry_msgs::msg::Twist_<std::allocator<void> > msg[m[Kâ€™
[4.327s]   129 |     auto [01;36m[Kmsg[m[K = geometry_msgs::msg::Twist();
[4.327s]       |          [01;36m[K^~~[m[K
[4.327s] In file included from [01m[K/home/yamaguchi-a/turtlebot3_ws/src/nav2_send_goal/src/nav2_send_goal.cpp:1[m[K:
[4.327s] [01m[K/home/yamaguchi-a/turtlebot3_ws/src/nav2_send_goal/include/nav2_send_goal/nav2_send_goal.hpp:31:24:[m[K [01;31m[Kerror: [m[Kjump to case label
[4.327s]    31 | #define FINISH_SENDING [01;31m[K4[m[K
[4.328s]       |                        [01;31m[K^[m[K
[4.328s] [01m[K/home/yamaguchi-a/turtlebot3_ws/src/nav2_send_goal/src/nav2_send_goal.cpp:171:8:[m[K [01;36m[Knote: [m[Kin expansion of macro â€˜[01m[KFINISH_SENDING[m[Kâ€™
[4.328s]   171 |   case [01;36m[KFINISH_SENDING[m[K:
[4.328s]       |        [01;36m[K^~~~~~~~~~~~~~[m[K
[4.328s] [01m[K/home/yamaguchi-a/turtlebot3_ws/src/nav2_send_goal/src/nav2_send_goal.cpp:129:10:[m[K [01;36m[Knote: [m[K  crosses initialization of â€˜[01m[Kgeometry_msgs::msg::Twist_<std::allocator<void> > msg[m[Kâ€™
[4.328s]   129 |     auto [01;36m[Kmsg[m[K = geometry_msgs::msg::Twist();
[4.328s]       |          [01;36m[K^~~[m[K
[4.328s] [01m[K/home/yamaguchi-a/turtlebot3_ws/src/nav2_send_goal/src/nav2_send_goal.cpp:176:3:[m[K [01;31m[Kerror: [m[Kjump to case label
[4.328s]   176 |   [01;31m[Kdefault[m[K:
[4.329s]       |   [01;31m[K^~~~~~~[m[K
[4.329s] [01m[K/home/yamaguchi-a/turtlebot3_ws/src/nav2_send_goal/src/nav2_send_goal.cpp:129:10:[m[K [01;36m[Knote: [m[K  crosses initialization of â€˜[01m[Kgeometry_msgs::msg::Twist_<std::allocator<void> > msg[m[Kâ€™
[4.329s]   129 |     auto [01;36m[Kmsg[m[K = geometry_msgs::msg::Twist();
[4.329s]       |          [01;36m[K^~~[m[K
[6.540s] gmake[2]: *** [CMakeFiles/nav2_send_goal.dir/build.make:76: CMakeFiles/nav2_send_goal.dir/src/nav2_send_goal.cpp.o] ã‚¨ãƒ©ãƒ¼ 1
[6.540s] gmake[1]: *** [CMakeFiles/Makefile2:137: CMakeFiles/nav2_send_goal.dir/all] ã‚¨ãƒ©ãƒ¼ 2
[6.541s] gmake: *** [Makefile:146: all] ã‚¨ãƒ©ãƒ¼ 2
[6.543s] Invoked command in '/home/yamaguchi-a/turtlebot3_ws/src/nav2_send_goal/build/nav2_send_goal' returned '2': CMAKE_PREFIX_PATH=${CMAKE_PREFIX_PATH}:/opt/ros/humble /usr/bin/cmake --build /home/yamaguchi-a/turtlebot3_ws/src/nav2_send_goal/build/nav2_send_goal -- -j8 -l8
