[0.012s] Invoking command in '/home/yamaguchi-a/turtlebot3_ws/src/nav2_send_goal/build/nav2_send_goal': CMAKE_PREFIX_PATH=${CMAKE_PREFIX_PATH}:/opt/ros/humble /usr/bin/cmake /home/yamaguchi-a/turtlebot3_ws/src/nav2_send_goal -DCMAKE_INSTALL_PREFIX=/home/yamaguchi-a/turtlebot3_ws/src/nav2_send_goal/install/nav2_send_goal
[0.067s] -- The C compiler identification is GNU 11.4.0
[0.126s] -- The CXX compiler identification is GNU 11.4.0
[0.134s] -- Detecting C compiler ABI info
[0.205s] -- Detecting C compiler ABI info - done
[0.217s] -- Check for working C compiler: /usr/bin/cc - skipped
[0.217s] -- Detecting C compile features
[0.218s] -- Detecting C compile features - done
[0.221s] -- Detecting CXX compiler ABI info
[0.309s] -- Detecting CXX compiler ABI info - done
[0.322s] -- Check for working CXX compiler: /usr/bin/c++ - skipped
[0.323s] -- Detecting CXX compile features
[0.323s] -- Detecting CXX compile features - done
[0.328s] -- Found rclcpp: 16.0.10 (/opt/ros/humble/share/rclcpp/cmake)
[0.492s] -- Found Python3: /usr/bin/python3 (found version "3.10.12") found components: Interpreter 
[0.656s] -- Found rosidl_generator_c: 3.1.5 (/opt/ros/humble/share/rosidl_generator_c/cmake)
[0.662s] -- Found rosidl_adapter: 3.1.5 (/opt/ros/humble/share/rosidl_adapter/cmake)
[0.671s] -- Found rosidl_generator_cpp: 3.1.5 (/opt/ros/humble/share/rosidl_generator_cpp/cmake)
[0.686s] -- Using all available rosidl_typesupport_c: rosidl_typesupport_fastrtps_c;rosidl_typesupport_introspection_c
[0.705s] -- Using all available rosidl_typesupport_cpp: rosidl_typesupport_fastrtps_cpp;rosidl_typesupport_introspection_cpp
[0.757s] -- Found rmw_implementation_cmake: 6.1.2 (/opt/ros/humble/share/rmw_implementation_cmake/cmake)
[0.760s] -- Found rmw_fastrtps_cpp: 6.2.7 (/opt/ros/humble/share/rmw_fastrtps_cpp/cmake)
[0.858s] -- Found OpenSSL: /usr/lib/x86_64-linux-gnu/libcrypto.so (found version "3.0.2")  
[0.888s] -- Found FastRTPS: /opt/ros/humble/include  
[0.932s] -- Using RMW implementation 'rmw_fastrtps_cpp' as default
[0.943s] -- Looking for pthread.h
[1.016s] -- Looking for pthread.h - found
[1.017s] -- Performing Test CMAKE_HAVE_LIBC_PTHREAD
[1.095s] -- Performing Test CMAKE_HAVE_LIBC_PTHREAD - Success
[1.097s] -- Found Threads: TRUE  
[1.162s] -- Found rclcpp_action: 16.0.10 (/opt/ros/humble/share/rclcpp_action/cmake)
[1.203s] -- Found nav2_msgs: 1.1.15 (/opt/ros/humble/share/nav2_msgs/cmake)
[1.270s] -- Found ament_cmake_auto: 1.3.10 (/opt/ros/humble/share/ament_cmake_auto/cmake)
[1.341s] -- Found ament_lint_auto: 0.12.11 (/opt/ros/humble/share/ament_lint_auto/cmake)
[1.366s] -- Added test 'cppcheck' to perform static code analysis on C / C++ code
[1.367s] -- Configured cppcheck include dirs: /home/yamaguchi-a/turtlebot3_ws/src/nav2_send_goal/include
[1.367s] -- Configured cppcheck exclude dirs and/or files: 
[1.370s] -- Added test 'lint_cmake' to check CMake code style
[1.376s] -- Added test 'uncrustify' to check C / C++ code style
[1.377s] -- Configured uncrustify additional arguments: 
[1.378s] -- Added test 'xmllint' to check XML markup files
[1.379s] -- Configuring done
[1.390s] -- Generating done
[1.393s] -- Build files have been written to: /home/yamaguchi-a/turtlebot3_ws/src/nav2_send_goal/build/nav2_send_goal
[1.404s] Invoked command in '/home/yamaguchi-a/turtlebot3_ws/src/nav2_send_goal/build/nav2_send_goal' returned '0': CMAKE_PREFIX_PATH=${CMAKE_PREFIX_PATH}:/opt/ros/humble /usr/bin/cmake /home/yamaguchi-a/turtlebot3_ws/src/nav2_send_goal -DCMAKE_INSTALL_PREFIX=/home/yamaguchi-a/turtlebot3_ws/src/nav2_send_goal/install/nav2_send_goal
[1.406s] Invoking command in '/home/yamaguchi-a/turtlebot3_ws/src/nav2_send_goal/build/nav2_send_goal': CMAKE_PREFIX_PATH=${CMAKE_PREFIX_PATH}:/opt/ros/humble /usr/bin/cmake --build /home/yamaguchi-a/turtlebot3_ws/src/nav2_send_goal/build/nav2_send_goal -- -j8 -l8
[1.459s] [ 50%] [32mBuilding CXX object CMakeFiles/nav2_send_goal.dir/src/nav2_send_goal.cpp.o[0m
[4.183s] [01m[K/home/yamaguchi-a/turtlebot3_ws/src/nav2_send_goal/src/nav2_send_goal.cpp:8:1:[m[K [01;31m[Kerror: [m[Kâ€˜[01m[KNav2Client[m[Kâ€™ does not name a type
[4.184s]     8 | [01;31m[KNav2Client[m[K::Nav2Client() : rclcpp::Node("nav2_send_goal"), id_(0)
[4.184s]       | [01;31m[K^~~~~~~~~~[m[K
[4.184s] [01m[K/home/yamaguchi-a/turtlebot3_ws/src/nav2_send_goal/src/nav2_send_goal.cpp:15:6:[m[K [01;31m[Kerror: [m[Kâ€˜[01m[KNav2Client[m[Kâ€™ has not been declared
[4.184s]    15 | void [01;31m[KNav2Client[m[K::SendGoal()
[4.184s]       |      [01;31m[K^~~~~~~~~~[m[K
[4.184s] [01m[K/home/yamaguchi-a/turtlebot3_ws/src/nav2_send_goal/src/nav2_send_goal.cpp:[m[K In function â€˜[01m[Kvoid SendGoal()[m[Kâ€™:
[4.184s] [01m[K/home/yamaguchi-a/turtlebot3_ws/src/nav2_send_goal/src/nav2_send_goal.cpp:18:11:[m[K [01;31m[Kerror: [m[Kinvalid use of â€˜[01m[Kthis[m[Kâ€™ in non-member function
[4.184s]    18 |   while (![01;31m[Kthis[m[K->client_ptr_->wait_for_action_server()) {
[4.184s]       |           [01;31m[K^~~~[m[K
[4.184s] In file included from [01m[K/opt/ros/humble/include/rclcpp/rclcpp/client.hpp:40[m[K,
[4.185s]                  from [01m[K/opt/ros/humble/include/rclcpp/rclcpp/callback_group.hpp:24[m[K,
[4.185s]                  from [01m[K/opt/ros/humble/include/rclcpp/rclcpp/any_executable.hpp:20[m[K,
[4.185s]                  from [01m[K/opt/ros/humble/include/rclcpp/rclcpp/memory_strategy.hpp:25[m[K,
[4.185s]                  from [01m[K/opt/ros/humble/include/rclcpp/rclcpp/memory_strategies.hpp:18[m[K,
[4.185s]                  from [01m[K/opt/ros/humble/include/rclcpp/rclcpp/executor_options.hpp:20[m[K,
[4.185s]                  from [01m[K/opt/ros/humble/include/rclcpp/rclcpp/executor.hpp:37[m[K,
[4.185s]                  from [01m[K/opt/ros/humble/include/rclcpp/rclcpp/executors/multi_threaded_executor.hpp:25[m[K,
[4.185s]                  from [01m[K/opt/ros/humble/include/rclcpp/rclcpp/executors.hpp:21[m[K,
[4.185s]                  from [01m[K/opt/ros/humble/include/rclcpp/rclcpp/rclcpp.hpp:155[m[K,
[4.185s]                  from [01m[K/home/yamaguchi-a/turtlebot3_ws/src/nav2_send_goal/src/nav2_send_goal.cpp:3[m[K:
[4.185s] [01m[K/home/yamaguchi-a/turtlebot3_ws/src/nav2_send_goal/src/nav2_send_goal.cpp:19:17:[m[K [01;31m[Kerror: [m[Kâ€˜[01m[Kget_logger[m[Kâ€™ was not declared in this scope; did you mean â€˜[01m[Krclcpp::get_logger[m[Kâ€™?
[4.186s]    19 |     RCLCPP_INFO([01;31m[Kget_logger[m[K(), "Waiting for action server...");
[4.186s]       |                 [01;31m[K^~~~~~~~~~[m[K
[4.186s] In file included from [01m[K/opt/ros/humble/include/rclcpp/rclcpp/logging.hpp:23[m[K,
[4.186s]                  from [01m[K/opt/ros/humble/include/rclcpp/rclcpp/client.hpp:40[m[K,
[4.186s]                  from [01m[K/opt/ros/humble/include/rclcpp/rclcpp/callback_group.hpp:24[m[K,
[4.186s]                  from [01m[K/opt/ros/humble/include/rclcpp/rclcpp/any_executable.hpp:20[m[K,
[4.186s]                  from [01m[K/opt/ros/humble/include/rclcpp/rclcpp/memory_strategy.hpp:25[m[K,
[4.186s]                  from [01m[K/opt/ros/humble/include/rclcpp/rclcpp/memory_strategies.hpp:18[m[K,
[4.186s]                  from [01m[K/opt/ros/humble/include/rclcpp/rclcpp/executor_options.hpp:20[m[K,
[4.186s]                  from [01m[K/opt/ros/humble/include/rclcpp/rclcpp/executor.hpp:37[m[K,
[4.186s]                  from [01m[K/opt/ros/humble/include/rclcpp/rclcpp/executors/multi_threaded_executor.hpp:25[m[K,
[4.186s]                  from [01m[K/opt/ros/humble/include/rclcpp/rclcpp/executors.hpp:21[m[K,
[4.186s]                  from [01m[K/opt/ros/humble/include/rclcpp/rclcpp/rclcpp.hpp:155[m[K,
[4.187s]                  from [01m[K/home/yamaguchi-a/turtlebot3_ws/src/nav2_send_goal/src/nav2_send_goal.cpp:3[m[K:
[4.187s] [01m[K/opt/ros/humble/include/rclcpp/rclcpp/logger.hpp:106:17:[m[K [01;36m[Knote: [m[Kâ€˜[01m[Krclcpp::get_logger[m[Kâ€™ declared here
[4.187s]   106 |   friend Logger [01;36m[Krclcpp[m[K::get_logger(const std::string & name);
[4.187s]       |                 [01;36m[K^~~~~~[m[K
[4.187s] In file included from [01m[K/opt/ros/humble/include/rclcpp/rclcpp/client.hpp:40[m[K,
[4.187s]                  from [01m[K/opt/ros/humble/include/rclcpp/rclcpp/callback_group.hpp:24[m[K,
[4.187s]                  from [01m[K/opt/ros/humble/include/rclcpp/rclcpp/any_executable.hpp:20[m[K,
[4.187s]                  from [01m[K/opt/ros/humble/include/rclcpp/rclcpp/memory_strategy.hpp:25[m[K,
[4.187s]                  from [01m[K/opt/ros/humble/include/rclcpp/rclcpp/memory_strategies.hpp:18[m[K,
[4.187s]                  from [01m[K/opt/ros/humble/include/rclcpp/rclcpp/executor_options.hpp:20[m[K,
[4.187s]                  from [01m[K/opt/ros/humble/include/rclcpp/rclcpp/executor.hpp:37[m[K,
[4.187s]                  from [01m[K/opt/ros/humble/include/rclcpp/rclcpp/executors/multi_threaded_executor.hpp:25[m[K,
[4.187s]                  from [01m[K/opt/ros/humble/include/rclcpp/rclcpp/executors.hpp:21[m[K,
[4.187s]                  from [01m[K/opt/ros/humble/include/rclcpp/rclcpp/rclcpp.hpp:155[m[K,
[4.187s]                  from [01m[K/home/yamaguchi-a/turtlebot3_ws/src/nav2_send_goal/src/nav2_send_goal.cpp:3[m[K:
[4.187s] [01m[K/home/yamaguchi-a/turtlebot3_ws/src/nav2_send_goal/src/nav2_send_goal.cpp:19:5:[m[K [01;31m[Kerror: [m[Ktemplate argument 1 is invalid
[4.188s]    19 |     [01;31m[KRCLCPP_INFO[m[K(get_logger(), "Waiting for action server...");
[4.188s]       |     [01;31m[K^~~~~~~~~~~[m[K
[4.188s] [01m[K/home/yamaguchi-a/turtlebot3_ws/src/nav2_send_goal/src/nav2_send_goal.cpp:19:5:[m[K [01;31m[Kerror: [m[Ktemplate argument 1 is invalid
[4.188s]    19 |     [01;31m[KRCLCPP_INFO[m[K(get_logger(), "Waiting for action server...");
[4.188s]       |     [01;31m[K^~~~~~~~~~~[m[K
[4.188s] [01m[K/home/yamaguchi-a/turtlebot3_ws/src/nav2_send_goal/src/nav2_send_goal.cpp:19:5:[m[K [01;31m[Kerror: [m[Ktemplate argument 1 is invalid
[4.188s]    19 |     [01;31m[KRCLCPP_INFO[m[K(get_logger(), "Waiting for action server...");
[4.188s]       |     [01;31m[K^~~~~~~~~~~[m[K
[4.188s] [01m[K/home/yamaguchi-a/turtlebot3_ws/src/nav2_send_goal/src/nav2_send_goal.cpp:23:19:[m[K [01;31m[Kerror: [m[Kâ€˜[01m[KNavigateToPose[m[Kâ€™ has not been declared
[4.188s]    23 |   auto goal_msg = [01;31m[KNavigateToPose[m[K::Goal();
[4.188s]       |                   [01;31m[K^~~~~~~~~~~~~~[m[K
[4.188s] [01m[K/home/yamaguchi-a/turtlebot3_ws/src/nav2_send_goal/src/nav2_send_goal.cpp:24:32:[m[K [01;31m[Kerror: [m[Kinvalid use of â€˜[01m[Kthis[m[Kâ€™ in non-member function
[4.188s]    24 |   goal_msg.pose.header.stamp = [01;31m[Kthis[m[K->now();
[4.188s]       |                                [01;31m[K^~~~[m[K
[4.193s] [01m[K/home/yamaguchi-a/turtlebot3_ws/src/nav2_send_goal/src/nav2_send_goal.cpp:35:50:[m[K [01;31m[Kerror: [m[Kâ€˜[01m[KNavigateThroughPose[m[Kâ€™ was not declared in this scope
[4.193s]    35 | options = rclcpp_action::Client<[01;31m[KNavigateThroughPose[m[K>::SendGoalOptions();
[4.194s]       |                                 [01;31m[K^~~~~~~~~~~~~~~~~~~[m[K
[4.194s] 
[4.194s] [01m[K/home/yamaguchi-a/turtlebot3_ws/src/nav2_send_goal/src/nav2_send_goal.cpp:35:69:[m[K [01;31m[Kerror: [m[Ktemplate argument 1 is invalid
[4.194s]    35 | tion::Client<NavigateThroughPose[01;31m[K>[m[K::SendGoalOptions();
[4.194s]       |                                 [01;31m[K^[m[K
[4.194s] 
[4.194s] [01m[K/home/yamaguchi-a/turtlebot3_ws/src/nav2_send_goal/src/nav2_send_goal.cpp:36:52:[m[K [01;31m[Kerror: [m[Kâ€˜[01m[KNav2Client[m[Kâ€™ has not been declared
[4.194s]    36 | .feedback_callback = std::bind(&[01;31m[KNav2Client[m[K::feedbackCallback, this, _1, _2);
[4.194s]       |                                 [01;31m[K^~~~~~~~~~[m[K
[4.194s] 
[4.194s] [01m[K/home/yamaguchi-a/turtlebot3_ws/src/nav2_send_goal/src/nav2_send_goal.cpp:36:82:[m[K [01;31m[Kerror: [m[Kinvalid use of â€˜[01m[Kthis[m[Kâ€™ in non-member function
[4.194s]    36 | (&Nav2Client::feedbackCallback, [01;31m[Kthis[m[K, _1, _2);
[4.194s]       |                                 [01;31m[K^~~~[m[K
[4.194s] 
[4.194s] [01m[K/home/yamaguchi-a/turtlebot3_ws/src/nav2_send_goal/src/nav2_send_goal.cpp:36:88:[m[K [01;31m[Kerror: [m[Kâ€˜[01m[K_1[m[Kâ€™ was not declared in this scope; did you mean â€˜[01m[Kstd::placeholders::_1[m[Kâ€™?
[4.195s]    36 | av2Client::feedbackCallback, this, [01;31m[K_1[m[K, _2);
[4.195s]       |                                    [01;31m[K^~[m[K
[4.195s]       |                                    [32m[Kstd::placeholders::_1[m[K
[4.195s] In file included from [01m[K/usr/include/c++/11/pstl/glue_algorithm_defs.h:13[m[K,
[4.195s]                  from [01m[K/usr/include/c++/11/algorithm:74[m[K,
[4.195s]                  from [01m[K/opt/ros/humble/include/rclcpp/rclcpp/executor.hpp:18[m[K,
[4.195s]                  from [01m[K/opt/ros/humble/include/rclcpp/rclcpp/executors/multi_threaded_executor.hpp:25[m[K,
[4.195s]                  from [01m[K/opt/ros/humble/include/rclcpp/rclcpp/executors.hpp:21[m[K,
[4.195s]                  from [01m[K/opt/ros/humble/include/rclcpp/rclcpp/rclcpp.hpp:155[m[K,
[4.195s]                  from [01m[K/home/yamaguchi-a/turtlebot3_ws/src/nav2_send_goal/src/nav2_send_goal.cpp:3[m[K:
[4.195s] [01m[K/usr/include/c++/11/functional:225:34:[m[K [01;36m[Knote: [m[Kâ€˜[01m[Kstd::placeholders::_1[m[Kâ€™ declared here
[4.195s]   225 |     extern const _Placeholder<1> [01;36m[K_1[m[K;
[4.195s]       |                                  [01;36m[K^~[m[K
[4.195s] [01m[K/home/yamaguchi-a/turtlebot3_ws/src/nav2_send_goal/src/nav2_send_goal.cpp:36:92:[m[K [01;31m[Kerror: [m[Kâ€˜[01m[K_2[m[Kâ€™ was not declared in this scope; did you mean â€˜[01m[Kstd::placeholders::_2[m[Kâ€™?
[4.195s]    36 | av2Client::feedbackCallback, this, _1, [01;31m[K_2[m[K);
[4.196s]       |                                        [01;31m[K^~[m[K
[4.196s]       |                                        [32m[Kstd::placeholders::_2[m[K
[4.196s] In file included from [01m[K/usr/include/c++/11/pstl/glue_algorithm_defs.h:13[m[K,
[4.196s]                  from [01m[K/usr/include/c++/11/algorithm:74[m[K,
[4.196s]                  from [01m[K/opt/ros/humble/include/rclcpp/rclcpp/executor.hpp:18[m[K,
[4.196s]                  from [01m[K/opt/ros/humble/include/rclcpp/rclcpp/executors/multi_threaded_executor.hpp:25[m[K,
[4.196s]                  from [01m[K/opt/ros/humble/include/rclcpp/rclcpp/executors.hpp:21[m[K,
[4.196s]                  from [01m[K/opt/ros/humble/include/rclcpp/rclcpp/rclcpp.hpp:155[m[K,
[4.196s]                  from [01m[K/home/yamaguchi-a/turtlebot3_ws/src/nav2_send_goal/src/nav2_send_goal.cpp:3[m[K:
[4.196s] [01m[K/usr/include/c++/11/functional:226:34:[m[K [01;36m[Knote: [m[Kâ€˜[01m[Kstd::placeholders::_2[m[Kâ€™ declared here
[4.196s]   226 |     extern const _Placeholder<2> [01;36m[K_2[m[K;
[4.196s]       |                                  [01;36m[K^~[m[K
[4.196s] [01m[K/home/yamaguchi-a/turtlebot3_ws/src/nav2_send_goal/src/nav2_send_goal.cpp:37:50:[m[K [01;31m[Kerror: [m[Kâ€˜[01m[KNav2Client[m[Kâ€™ has not been declared
[4.196s]    37 | ns.result_callback = std::bind(&[01;31m[KNav2Client[m[K::resultCallback, this, _1);
[4.196s]       |                                 [01;31m[K^~~~~~~~~~[m[K
[4.196s] 
[4.196s] [01m[K/home/yamaguchi-a/turtlebot3_ws/src/nav2_send_goal/src/nav2_send_goal.cpp:37:78:[m[K [01;31m[Kerror: [m[Kinvalid use of â€˜[01m[Kthis[m[Kâ€™ in non-member function
[4.197s]    37 | ind(&Nav2Client::resultCallback, [01;31m[Kthis[m[K, _1);
[4.197s]       |                                  [01;31m[K^~~~[m[K
[4.197s] 
[4.202s] [01m[K/home/yamaguchi-a/turtlebot3_ws/src/nav2_send_goal/src/nav2_send_goal.cpp:38:3:[m[K [01;31m[Kerror: [m[Kâ€˜[01m[Ksend_goal_options_[m[Kâ€™ was not declared in this scope
[4.202s]    38 |   [01;31m[Ksend_goal_options_[m[K.goal_response_callback = std::bind(&Nav2Client::NavThroughPosesGoalResponseCallback, this, std::placeholders::_1);
[4.202s]       |   [01;31m[K^~~~~~~~~~~~~~~~~~[m[K
[4.202s] [01m[K/home/yamaguchi-a/turtlebot3_ws/src/nav2_send_goal/src/nav2_send_goal.cpp:38:58:[m[K [01;31m[Kerror: [m[Kâ€˜[01m[KNav2Client[m[Kâ€™ has not been declared
[4.202s]    38 | _response_callback = std::bind(&[01;31m[KNav2Client[m[K::NavThroughPosesGoalResponseCallback, this, std::placeholders::_1);
[4.202s]       |                                 [01;31m[K^~~~~~~~~~[m[K
[4.202s] 
[4.202s] [01m[K/home/yamaguchi-a/turtlebot3_ws/src/nav2_send_goal/src/nav2_send_goal.cpp:38:107:[m[K [01;31m[Kerror: [m[Kinvalid use of â€˜[01m[Kthis[m[Kâ€™ in non-member function
[4.202s]    38 | roughPosesGoalResponseCallback, [01;31m[Kthis[m[K, std::placeholders::_1);
[4.203s]       |                                 [01;31m[K^~~~[m[K
[4.203s] 
[4.207s] [01m[K/home/yamaguchi-a/turtlebot3_ws/src/nav2_send_goal/src/nav2_send_goal.cpp:41:3:[m[K [01;31m[Kerror: [m[Kâ€˜[01m[Kclient_ptr_[m[Kâ€™ was not declared in this scope
[4.207s]    41 |   [01;31m[Kclient_ptr_[m[K->async_send_goal(goal_msg, send_goal_options);
[4.207s]       |   [01;31m[K^~~~~~~~~~~[m[K
[4.207s] [01m[K/home/yamaguchi-a/turtlebot3_ws/src/nav2_send_goal/src/nav2_send_goal.cpp:[m[K At global scope:
[4.207s] [01m[K/home/yamaguchi-a/turtlebot3_ws/src/nav2_send_goal/src/nav2_send_goal.cpp:44:6:[m[K [01;31m[Kerror: [m[Kâ€˜[01m[KNav2Client[m[Kâ€™ has not been declared
[4.207s]    44 | void [01;31m[KNav2Client[m[K::feedbackCallback(GoalHandleNavigateToPose::SharedPtr,const std::shared_ptr<const NavigateToPose::Feedback> feedback)
[4.208s]       |      [01;31m[K^~~~~~~~~~[m[K
[4.208s] [01m[K/home/yamaguchi-a/turtlebot3_ws/src/nav2_send_goal/src/nav2_send_goal.cpp:44:6:[m[K [01;31m[Kerror: [m[Kvariable or field â€˜[01m[KfeedbackCallback[m[Kâ€™ declared void
[4.208s] [01m[K/home/yamaguchi-a/turtlebot3_ws/src/nav2_send_goal/src/nav2_send_goal.cpp:44:35:[m[K [01;31m[Kerror: [m[Kâ€˜[01m[KGoalHandleNavigateToPose[m[Kâ€™ has not been declared
[4.208s]    44 | id Nav2Client::feedbackCallback([01;31m[KGoalHandleNavigateToPose[m[K::SharedPtr,const std::shared_ptr<const NavigateToPose::Feedback> feedback)
[4.208s]       |                                 [01;31m[K^~~~~~~~~~~~~~~~~~~~~~~~[m[K
[4.208s] 
[4.208s] [01m[K/home/yamaguchi-a/turtlebot3_ws/src/nav2_send_goal/src/nav2_send_goal.cpp:44:71:[m[K [01;31m[Kerror: [m[Kexpected primary-expression before â€˜[01m[Kconst[m[Kâ€™
[4.208s]    44 | HandleNavigateToPose::SharedPtr,[01;31m[Kconst[m[K std::shared_ptr<const NavigateToPose::Feedback> feedback)
[4.208s]       |                                 [01;31m[K^~~~~[m[K
[4.208s] 
[4.208s] [01m[K/home/yamaguchi-a/turtlebot3_ws/src/nav2_send_goal/src/nav2_send_goal.cpp:49:6:[m[K [01;31m[Kerror: [m[Kâ€˜[01m[KNav2Client[m[Kâ€™ has not been declared
[4.208s]    49 | void [01;31m[KNav2Client[m[K::resultCallback(const GoalHandleNavigateToPose::WrappedResult & result)
[4.208s]       |      [01;31m[K^~~~~~~~~~[m[K
[4.212s] [01m[K/home/yamaguchi-a/turtlebot3_ws/src/nav2_send_goal/src/nav2_send_goal.cpp:49:39:[m[K [01;31m[Kerror: [m[Kâ€˜[01m[KGoalHandleNavigateToPose[m[Kâ€™ does not name a type
[4.212s]    49 | av2Client::resultCallback(const [01;31m[KGoalHandleNavigateToPose[m[K::WrappedResult & result)
[4.212s]       |                                 [01;31m[K^~~~~~~~~~~~~~~~~~~~~~~~[m[K
[4.212s] 
[4.212s] [01m[K/home/yamaguchi-a/turtlebot3_ws/src/nav2_send_goal/src/nav2_send_goal.cpp:49:79:[m[K [01;31m[Kerror: [m[Kexpected unqualified-id before â€˜[01m[K&[m[Kâ€™ token
[4.212s]    49 | ndleNavigateToPose::WrappedResult [01;31m[K&[m[K result)
[4.212s]       |                                   [01;31m[K^[m[K
[4.212s] 
[4.212s] [01m[K/home/yamaguchi-a/turtlebot3_ws/src/nav2_send_goal/src/nav2_send_goal.cpp:49:78:[m[K [01;31m[Kerror: [m[Kexpected â€˜[01m[K)[m[Kâ€™ before â€˜[01m[K&[m[Kâ€™ token
[4.212s]    49 | ndleNavigateToPose::WrappedResult[01;31m[K [m[K[32m[K&[m[K result)
[4.212s]       |                                  [01;31m[K^[m[K[32m[K~[m[K
[4.212s]       |                                  [32m[K)[m[K
[4.213s] [01m[K/home/yamaguchi-a/turtlebot3_ws/src/nav2_send_goal/src/nav2_send_goal.cpp:49:81:[m[K [01;31m[Kerror: [m[Kexpected initializer before â€˜[01m[Kresult[m[Kâ€™
[4.213s]    49 | ndleNavigateToPose::WrappedResult & [01;31m[Kresult[m[K)
[4.213s]       |                                     [01;31m[K^~~~~~[m[K
[4.213s] 
[4.721s] gmake[2]: *** [CMakeFiles/nav2_send_goal.dir/build.make:76: CMakeFiles/nav2_send_goal.dir/src/nav2_send_goal.cpp.o] ã‚¨ãƒ©ãƒ¼ 1
[4.721s] gmake[1]: *** [CMakeFiles/Makefile2:137: CMakeFiles/nav2_send_goal.dir/all] ã‚¨ãƒ©ãƒ¼ 2
[4.722s] gmake: *** [Makefile:146: all] ã‚¨ãƒ©ãƒ¼ 2
[4.725s] Invoked command in '/home/yamaguchi-a/turtlebot3_ws/src/nav2_send_goal/build/nav2_send_goal' returned '2': CMAKE_PREFIX_PATH=${CMAKE_PREFIX_PATH}:/opt/ros/humble /usr/bin/cmake --build /home/yamaguchi-a/turtlebot3_ws/src/nav2_send_goal/build/nav2_send_goal -- -j8 -l8
