[01m[K/home/yamaguchi-a/turtlebot3_ws/src/nav2_send_goal/src/nav2_send_goal.cpp:[m[K In member function â€˜[01m[Kvoid Nav2Client::SendWaypointsTimerCallback()[m[Kâ€™:
[01m[K/home/yamaguchi-a/turtlebot3_ws/src/nav2_send_goal/src/nav2_send_goal.cpp:226:5:[m[K [01;31m[Kerror: [m[Kâ€˜[01m[Kaaa[m[Kâ€™ was not declared in this scope
  226 |     [01;31m[Kaaa[m[K
      |     [01;31m[K^~~[m[K
gmake[2]: *** [CMakeFiles/nav2_send_goal.dir/build.make:76: CMakeFiles/nav2_send_goal.dir/src/nav2_send_goal.cpp.o] ã‚¨ãƒ©ãƒ¼ 1
gmake[1]: *** [CMakeFiles/Makefile2:139: CMakeFiles/nav2_send_goal.dir/all] ã‚¨ãƒ©ãƒ¼ 2
gmake: *** [Makefile:146: all] ã‚¨ãƒ©ãƒ¼ 2
