[0.011s] Invoking command in '/home/yamaguchi-a/turtlebot3_ws/src/nav2_send_goal/build/nav2_send_goal': CMAKE_PREFIX_PATH=${CMAKE_PREFIX_PATH}:/opt/ros/humble /usr/bin/cmake --build /home/yamaguchi-a/turtlebot3_ws/src/nav2_send_goal/build/nav2_send_goal -- -j8 -l8
[0.053s] [35m[1mConsolidate compiler generated dependencies of target nav2_send_goal[0m
[0.081s] [ 66%] [32mBuilding CXX object CMakeFiles/nav2_send_goal.dir/src/nav2_send_goal.cpp.o[0m
[0.081s] [ 66%] [32mBuilding CXX object CMakeFiles/nav2_send_goal.dir/src/nav2_send_goal_node.cpp.o[0m
[3.200s] [01m[K/home/yamaguchi-a/turtlebot3_ws/src/nav2_send_goal/src/nav2_send_goal.cpp:[m[K In member function â€˜[01m[Kvoid Nav2Client::SendWaypointsTimerCallback()[m[Kâ€™:
[3.200s] [01m[K/home/yamaguchi-a/turtlebot3_ws/src/nav2_send_goal/src/nav2_send_goal.cpp:165:41:[m[K [01;31m[Kerror: [m[Kno matching function for call to â€˜[01m[KNav2Client::SendWaypointsOnce(size_t&)[m[Kâ€™
[3.200s]   165 |       sending_index =  [01;31m[KSendWaypointsOnce(sending_index)[m[K;
[3.200s]       |                        [01;31m[K~~~~~~~~~~~~~~~~~^~~~~~~~~~~~~~~[m[K
[3.201s] In file included from [01m[K/home/yamaguchi-a/turtlebot3_ws/src/nav2_send_goal/src/nav2_send_goal.cpp:1[m[K:
[3.201s] [01m[K/home/yamaguchi-a/turtlebot3_ws/src/nav2_send_goal/include/nav2_send_goal/nav2_send_goal.hpp:66:10:[m[K [01;36m[Knote: [m[Kcandidate: â€˜[01m[Ksize_t Nav2Client::SendWaypointsOnce(size_t, std::vector<waypoint_info>&)[m[Kâ€™
[3.201s]    66 |   size_t [01;36m[KSendWaypointsOnce[m[K(size_t sending_index, std::vector<waypoint_info>& waypoints);
[3.201s]       |          [01;36m[K^~~~~~~~~~~~~~~~~[m[K
[3.201s] [01m[K/home/yamaguchi-a/turtlebot3_ws/src/nav2_send_goal/include/nav2_send_goal/nav2_send_goal.hpp:66:10:[m[K [01;36m[Knote: [m[K  candidate expects 2 arguments, 1 provided
[3.201s] [01m[K/home/yamaguchi-a/turtlebot3_ws/src/nav2_send_goal/src/nav2_send_goal.cpp:186:41:[m[K [01;31m[Kerror: [m[Kno matching function for call to â€˜[01m[KNav2Client::SendWaypointsOnce(size_t&)[m[Kâ€™
[3.201s]   186 |       sending_index =  [01;31m[KSendWaypointsOnce(sending_index)[m[K;
[3.201s]       |                        [01;31m[K~~~~~~~~~~~~~~~~~^~~~~~~~~~~~~~~[m[K
[3.201s] In file included from [01m[K/home/yamaguchi-a/turtlebot3_ws/src/nav2_send_goal/src/nav2_send_goal.cpp:1[m[K:
[3.201s] [01m[K/home/yamaguchi-a/turtlebot3_ws/src/nav2_send_goal/include/nav2_send_goal/nav2_send_goal.hpp:66:10:[m[K [01;36m[Knote: [m[Kcandidate: â€˜[01m[Ksize_t Nav2Client::SendWaypointsOnce(size_t, std::vector<waypoint_info>&)[m[Kâ€™
[3.201s]    66 |   size_t [01;36m[KSendWaypointsOnce[m[K(size_t sending_index, std::vector<waypoint_info>& waypoints);
[3.201s]       |          [01;36m[K^~~~~~~~~~~~~~~~~[m[K
[3.201s] [01m[K/home/yamaguchi-a/turtlebot3_ws/src/nav2_send_goal/include/nav2_send_goal/nav2_send_goal.hpp:66:10:[m[K [01;36m[Knote: [m[K  candidate expects 2 arguments, 1 provided
[3.201s] [01m[K/home/yamaguchi-a/turtlebot3_ws/src/nav2_send_goal/src/nav2_send_goal.cpp:207:41:[m[K [01;31m[Kerror: [m[Kno matching function for call to â€˜[01m[KNav2Client::SendWaypointsOnce(size_t&)[m[Kâ€™
[3.201s]   207 |       sending_index =  [01;31m[KSendWaypointsOnce(sending_index)[m[K;
[3.201s]       |                        [01;31m[K~~~~~~~~~~~~~~~~~^~~~~~~~~~~~~~~[m[K
[3.201s] In file included from [01m[K/home/yamaguchi-a/turtlebot3_ws/src/nav2_send_goal/src/nav2_send_goal.cpp:1[m[K:
[3.202s] [01m[K/home/yamaguchi-a/turtlebot3_ws/src/nav2_send_goal/include/nav2_send_goal/nav2_send_goal.hpp:66:10:[m[K [01;36m[Knote: [m[Kcandidate: â€˜[01m[Ksize_t Nav2Client::SendWaypointsOnce(size_t, std::vector<waypoint_info>&)[m[Kâ€™
[3.202s]    66 |   size_t [01;36m[KSendWaypointsOnce[m[K(size_t sending_index, std::vector<waypoint_info>& waypoints);
[3.202s]       |          [01;36m[K^~~~~~~~~~~~~~~~~[m[K
[3.202s] [01m[K/home/yamaguchi-a/turtlebot3_ws/src/nav2_send_goal/include/nav2_send_goal/nav2_send_goal.hpp:66:10:[m[K [01;36m[Knote: [m[K  candidate expects 2 arguments, 1 provided
[5.261s] gmake[2]: *** [CMakeFiles/nav2_send_goal.dir/build.make:76: CMakeFiles/nav2_send_goal.dir/src/nav2_send_goal.cpp.o] ã‚¨ãƒ©ãƒ¼ 1
[5.261s] gmake[1]: *** [CMakeFiles/Makefile2:137: CMakeFiles/nav2_send_goal.dir/all] ã‚¨ãƒ©ãƒ¼ 2
[5.261s] gmake: *** [Makefile:146: all] ã‚¨ãƒ©ãƒ¼ 2
[5.265s] Invoked command in '/home/yamaguchi-a/turtlebot3_ws/src/nav2_send_goal/build/nav2_send_goal' returned '2': CMAKE_PREFIX_PATH=${CMAKE_PREFIX_PATH}:/opt/ros/humble /usr/bin/cmake --build /home/yamaguchi-a/turtlebot3_ws/src/nav2_send_goal/build/nav2_send_goal -- -j8 -l8
